<?xml version="1.0" encoding="UTF-8"?>
<!-- Generated by org.testng.reporters.JUnitReportReporter -->
<testsuite hostname="KingsleyGate1" failures="0" tests="2" name="Runner.TestRunner" time="32.380" errors="0" timestamp="2025-05-22T16:12:20 IST" skipped="0">
  <testcase classname="Runner.TestRunner" name="runScenario" time="24.793"/>
  <testcase classname="Runner.TestRunner" name="runScenario" time="7.587"/>
</testsuite> <!-- Runner.TestRunner -->
