<?xml version="1.0" encoding="UTF-8"?>
<!-- Generated by org.testng.reporters.JUnitReportReporter -->
<testsuite hostname="KingsleyGate1" failures="0" tests="2" name="Runner.TestRunner" time="22.248" errors="0" timestamp="2025-06-12T14:24:59 IST" skipped="0">
  <testcase classname="Runner.TestRunner" name="runScenario" time="5.900"/>
  <system-out/>
  <testcase classname="Runner.TestRunner" name="runScenario" time="16.348"/>
  <system-out/>
</testsuite> <!-- Runner.TestRunner -->
