<?xml version="1.0" encoding="UTF-8"?>
<!-- Generated by org.testng.reporters.JUnitReportReporter -->
<testsuite hostname="KingsleyGate1" failures="0" tests="2" name="Runner.TestRunner" time="22.435" errors="0" timestamp="2025-06-12T13:40:30 IST" skipped="0">
  <testcase classname="Runner.TestRunner" name="runScenario" time="16.657"/>
  <system-out/>
  <testcase classname="Runner.TestRunner" name="runScenario" time="5.778"/>
  <system-out/>
</testsuite> <!-- Runner.TestRunner -->
