<?xml version="1.0" encoding="UTF-8"?>
<!-- Generated by org.testng.reporters.JUnitReportReporter -->
<testsuite hostname="KingsleyGate1" failures="0" tests="2" name="Runner.TestRunner" time="52.991" errors="0" timestamp="2025-07-02T11:07:43 IST" skipped="0">
  <testcase classname="Runner.TestRunner" name="runScenario" time="25.435"/>
  <system-out/>
  <testcase classname="Runner.TestRunner" name="runScenario" time="27.556"/>
  <system-out/>
</testsuite> <!-- Runner.TestRunner -->
