<?xml version="1.0" encoding="UTF-8"?>
<!-- Generated by org.testng.reporters.JUnitReportReporter -->
<testsuite hostname="KingsleyGate1" failures="0" tests="2" name="Runner.TestRunner" time="23.316" errors="0" timestamp="2025-06-12T17:32:04 IST" skipped="0">
  <testcase classname="Runner.TestRunner" name="runScenario" time="17.148"/>
  <system-out/>
  <testcase classname="Runner.TestRunner" name="runScenario" time="6.168"/>
  <system-out/>
</testsuite> <!-- Runner.TestRunner -->
