<?xml version="1.0" encoding="UTF-8"?>
<!-- Generated by org.testng.reporters.JUnitReportReporter -->
<testsuite hostname="KingsleyGate1" failures="0" tests="2" name="Runner.TestRunner" time="24.038" errors="0" timestamp="2025-06-11T16:25:49 IST" skipped="0">
  <testcase classname="Runner.TestRunner" name="runScenario" time="6.516"/>
  <system-out/>
  <testcase classname="Runner.TestRunner" name="runScenario" time="17.522"/>
  <system-out/>
</testsuite> <!-- Runner.TestRunner -->
